[2019-08-16 13:12:46,565] p8636|INFO|L_104: thread Delete quotelog-1 started
[2019-08-16 13:12:46,582] p8636|INFO|L_124: $$$$$$$ Total Items from quotelog will delete: 808
[2019-08-16 13:12:46,634] p8636|INFO|L_113: thread Delete quotelog-1 Stopped. Total time: 0.0700001716614
[2019-08-16 13:12:46,790] p8636|INFO|L_200: Rabbit MQTT - Connection successful
[2019-08-16 13:12:47,178] p8636|DEBUG|L_172: {"symbols":{"GHSIC1":{"bid": "25658","ask": "25659","last": "25660A","open": "25387","high": "25733","low": "25105","close": "25428","change": "232","time": "06:12:47","unixtime": "1565935964"}}}
[2019-08-16 13:12:47,342] p8636|DEBUG|L_172: {"symbols":{"GHSIC1":{"bid": "25658","ask": "25659","last": "25659A","open": "25387","high": "25733","low": "25105","close": "25428","change": "232","time": "06:12:47","unixtime": "1565935964"}}}
[2019-08-16 13:12:47,486] p8636|DEBUG|L_172: {"symbols":{"LGD":{"bid": "1518.60","ask": "1519.05","last": "1518.60","open": "1522.30","high": "1528.00","low": "1516.80","close": "1523.70","change": "-5.1000","time": "06:12:47","unixtime": "1565935964"}}}
[2019-08-16 13:12:47,592] p8636|DEBUG|L_172: {"symbols":{"LGD":{"bid": "1518.70","ask": "1519.05","last": "1518.60","open": "1522.30","high": "1528.00","low": "1516.80","close": "1523.70","change": "-5.1000","time": "06:12:47","unixtime": "1565935964"}}}
[2019-08-16 13:12:47,676] p8636|DEBUG|L_172: {"symbols":{"LGD":{"bid": "1518.70","ask": "1519.05","last": "1518.70","open": "1522.30","high": "1528.00","low": "1516.80","close": "1523.70","change": "-5.1000","time": "06:12:47","unixtime": "1565935964"}}}
[2019-08-16 13:12:47,750] p8636|DEBUG|L_172: {"symbols":{"LGD":{"bid": "1518.70","ask": "1519.05","last": "1518.70","open": "1522.30","high": "1528.00","low": "1516.80","close": "1523.70","change": "-5.0000","time": "06:12:47","unixtime": "1565935964"}}}
[2019-08-16 13:12:47,829] p8636|DEBUG|L_172: {"symbols":{"LGD":{"bid": "1518.70","ask": "1519.10","last": "1518.70","open": "1522.30","high": "1528.00","low": "1516.80","close": "1523.70","change": "-5.0000","time": "06:12:47","unixtime": "1565935964"}}}
[2019-08-16 13:12:47,887] p8636|DEBUG|L_172: {"symbols":{"LGD":{"bid": "1518.70","ask": "1519.10","last": "1518.70","open": "1522.30","high": "1528.00","low": "1516.80","close": "1523.70","change": "-5.0000","time": "06:12:47","unixtime": "1565935964"}}}
[2019-08-16 13:12:47,946] p8636|DEBUG|L_172: {"symbols":{"LGD":{"bid": "1518.70","ask": "1519.45","last": "1518.70","open": "1522.30","high": "1528.00","low": "1516.80","close": "1523.70","change": "-5.0000","time": "06:12:47","unixtime": "1565935964"}}}
[2019-08-16 13:12:48,046] p8636|DEBUG|L_172: {"symbols":{"LGD":{"bid": "1518.70","ask": "1519.45","last": "1518.70","open": "1522.30","high": "1528.00","low": "1516.80","close": "1523.70","change": "-5.0000","time": "06:12:47","unixtime": "1565935964"}}}
[2019-08-16 13:12:48,125] p8636|DEBUG|L_172: {"symbols":{"LGD":{"bid": "1518.70","ask": "1519.30","last": "1518.70","open": "1522.30","high": "1528.00","low": "1516.80","close": "1523.70","change": "-5.0000","time": "06:12:47","unixtime": "1565935964"}}}
[2019-08-16 13:12:48,193] p8636|DEBUG|L_172: {"symbols":{"LGD":{"bid": "1518.70","ask": "1519.30","last": "1518.70","open": "1522.30","high": "1528.00","low": "1516.80","close": "1523.70","change": "-5.0000","time": "06:12:47","unixtime": "1565935964"}}}
[2019-08-16 13:12:48,279] p8636|DEBUG|L_172: {"symbols":{"LGD":{"bid": "1518.60","ask": "1519.30","last": "1518.70","open": "1522.30","high": "1528.00","low": "1516.80","close": "1523.70","change": "-5.0000","time": "06:12:47","unixtime": "1565935964"}}}
[2019-08-16 13:12:48,338] p8636|DEBUG|L_172: {"symbols":{"LGD":{"bid": "1518.60","ask": "1519.30","last": "1518.60","open": "1522.30","high": "1528.00","low": "1516.80","close": "1523.70","change": "-5.0000","time": "06:12:47","unixtime": "1565935964"}}}
[2019-08-16 13:12:48,417] p8636|DEBUG|L_172: {"symbols":{"LGD":{"bid": "1518.60","ask": "1519.30","last": "1518.60","open": "1522.30","high": "1528.00","low": "1516.80","close": "1523.70","change": "-5.1000","time": "06:12:47","unixtime": "1565935964"}}}
[2019-08-16 13:12:48,484] p8636|DEBUG|L_172: {"symbols":{"LGD":{"bid": "1518.60","ask": "1519.15","last": "1518.60","open": "1522.30","high": "1528.00","low": "1516.80","close": "1523.70","change": "-5.1000","time": "06:12:47","unixtime": "1565935964"}}}
[2019-08-16 13:12:48,551] p8636|DEBUG|L_172: {"symbols":{"LGD":{"bid": "1518.60","ask": "1519.15","last": "1518.60","open": "1522.30","high": "1528.00","low": "1516.80","close": "1523.70","change": "-5.1000","time": "06:12:47","unixtime": "1565935964"}}}
